[0211/200125.107:WARNING:dns_config_service_win.cc(668)] Failed to read DnsConfig.
[0211/200130.118:WARNING:dns_config_service_win.cc(668)] Failed to read DnsConfig.
[0211/200135.137:WARNING:dns_config_service_win.cc(668)] Failed to read DnsConfig.
[0211/200140.156:WARNING:dns_config_service_win.cc(668)] Failed to read DnsConfig.
[0211/200145.170:WARNING:dns_config_service_win.cc(668)] Failed to read DnsConfig.
[0211/200150.183:WARNING:dns_config_service_win.cc(668)] Failed to read DnsConfig.
[0211/200155.200:WARNING:dns_config_service_win.cc(668)] Failed to read DnsConfig.
[0211/200200.204:WARNING:dns_config_service_win.cc(668)] Failed to read DnsConfig.
[0211/200205.222:WARNING:dns_config_service_win.cc(668)] Failed to read DnsConfig.
[0211/200210.227:WARNING:dns_config_service_win.cc(668)] Failed to read DnsConfig.
[0211/200215.235:WARNING:dns_config_service_win.cc(668)] Failed to read DnsConfig.
[0211/200220.253:WARNING:dns_config_service_win.cc(668)] Failed to read DnsConfig.
[0211/200225.275:WARNING:dns_config_service_win.cc(668)] Failed to read DnsConfig.
[0211/200230.286:WARNING:dns_config_service_win.cc(668)] Failed to read DnsConfig.
[0211/200235.304:WARNING:dns_config_service_win.cc(668)] Failed to read DnsConfig.
[0211/200240.313:WARNING:dns_config_service_win.cc(668)] Failed to read DnsConfig.
[0211/200245.321:WARNING:dns_config_service_win.cc(668)] Failed to read DnsConfig.
[0211/200250.335:WARNING:dns_config_service_win.cc(668)] Failed to read DnsConfig.
[0211/200255.348:WARNING:dns_config_service_win.cc(668)] Failed to read DnsConfig.
[0211/200300.362:WARNING:dns_config_service_win.cc(668)] Failed to read DnsConfig.
[0211/200305.376:WARNING:dns_config_service_win.cc(668)] Failed to read DnsConfig.
[0211/200310.390:WARNING:dns_config_service_win.cc(668)] Failed to read DnsConfig.
[0211/200315.402:WARNING:dns_config_service_win.cc(668)] Failed to read DnsConfig.
[0211/200320.409:WARNING:dns_config_service_win.cc(668)] Failed to read DnsConfig.
[0211/200325.421:WARNING:dns_config_service_win.cc(668)] Failed to read DnsConfig.
[0211/200330.426:WARNING:dns_config_service_win.cc(668)] Failed to read DnsConfig.
[0211/200335.442:WARNING:dns_config_service_win.cc(668)] Failed to read DnsConfig.
[0211/200340.453:WARNING:dns_config_service_win.cc(668)] Failed to read DnsConfig.
[0211/200345.468:WARNING:dns_config_service_win.cc(668)] Failed to read DnsConfig.
[0211/200350.481:WARNING:dns_config_service_win.cc(668)] Failed to read DnsConfig.
[0211/200355.496:WARNING:dns_config_service_win.cc(668)] Failed to read DnsConfig.
[0211/200400.511:WARNING:dns_config_service_win.cc(668)] Failed to read DnsConfig.
[0211/200405.530:WARNING:dns_config_service_win.cc(668)] Failed to read DnsConfig.
[0211/200410.538:WARNING:dns_config_service_win.cc(668)] Failed to read DnsConfig.
[0211/200415.555:WARNING:dns_config_service_win.cc(668)] Failed to read DnsConfig.
[0211/200420.559:WARNING:dns_config_service_win.cc(668)] Failed to read DnsConfig.
[0211/200425.566:WARNING:dns_config_service_win.cc(668)] Failed to read DnsConfig.
[0211/200430.573:WARNING:dns_config_service_win.cc(668)] Failed to read DnsConfig.
[0211/200435.582:WARNING:dns_config_service_win.cc(668)] Failed to read DnsConfig.
[0211/200440.590:WARNING:dns_config_service_win.cc(668)] Failed to read DnsConfig.
[0211/200445.599:WARNING:dns_config_service_win.cc(668)] Failed to read DnsConfig.
[0211/200450.612:WARNING:dns_config_service_win.cc(668)] Failed to read DnsConfig.
[0211/200455.624:WARNING:dns_config_service_win.cc(668)] Failed to read DnsConfig.
[0211/200500.635:WARNING:dns_config_service_win.cc(668)] Failed to read DnsConfig.
[0211/200505.643:WARNING:dns_config_service_win.cc(668)] Failed to read DnsConfig.
[0211/200510.659:WARNING:dns_config_service_win.cc(668)] Failed to read DnsConfig.
[0211/200515.663:WARNING:dns_config_service_win.cc(668)] Failed to read DnsConfig.
[0211/200520.673:WARNING:dns_config_service_win.cc(668)] Failed to read DnsConfig.
[0211/200525.692:WARNING:dns_config_service_win.cc(668)] Failed to read DnsConfig.
[0211/200530.709:WARNING:dns_config_service_win.cc(668)] Failed to read DnsConfig.
[0211/200535.722:WARNING:dns_config_service_win.cc(668)] Failed to read DnsConfig.
[0211/200540.728:WARNING:dns_config_service_win.cc(668)] Failed to read DnsConfig.
[0211/200545.744:WARNING:dns_config_service_win.cc(668)] Failed to read DnsConfig.
[0211/200550.763:WARNING:dns_config_service_win.cc(668)] Failed to read DnsConfig.
[0211/200555.776:WARNING:dns_config_service_win.cc(668)] Failed to read DnsConfig.
[0211/200600.789:WARNING:dns_config_service_win.cc(668)] Failed to read DnsConfig.
[0211/200605.801:WARNING:dns_config_service_win.cc(668)] Failed to read DnsConfig.
[0211/200610.814:WARNING:dns_config_service_win.cc(668)] Failed to read DnsConfig.
[0211/200615.830:WARNING:dns_config_service_win.cc(668)] Failed to read DnsConfig.
[0211/200620.843:WARNING:dns_config_service_win.cc(668)] Failed to read DnsConfig.
[0211/200625.851:WARNING:dns_config_service_win.cc(668)] Failed to read DnsConfig.
[0211/200630.869:WARNING:dns_config_service_win.cc(668)] Failed to read DnsConfig.
[0211/200635.895:WARNING:dns_config_service_win.cc(668)] Failed to read DnsConfig.
[0211/200640.907:WARNING:dns_config_service_win.cc(668)] Failed to read DnsConfig.
[0211/200645.913:WARNING:dns_config_service_win.cc(668)] Failed to read DnsConfig.
[0211/200650.921:WARNING:dns_config_service_win.cc(668)] Failed to read DnsConfig.
[0211/200655.942:WARNING:dns_config_service_win.cc(668)] Failed to read DnsConfig.
[0211/200700.950:WARNING:dns_config_service_win.cc(668)] Failed to read DnsConfig.
[0211/200705.964:WARNING:dns_config_service_win.cc(668)] Failed to read DnsConfig.
[0211/200710.976:WARNING:dns_config_service_win.cc(668)] Failed to read DnsConfig.
[0211/200715.984:WARNING:dns_config_service_win.cc(668)] Failed to read DnsConfig.
[0211/200721.001:WARNING:dns_config_service_win.cc(668)] Failed to read DnsConfig.
[0211/200726.011:WARNING:dns_config_service_win.cc(668)] Failed to read DnsConfig.
[0211/200731.017:WARNING:dns_config_service_win.cc(668)] Failed to read DnsConfig.
[0211/200736.022:WARNING:dns_config_service_win.cc(668)] Failed to read DnsConfig.
[0211/200741.041:WARNING:dns_config_service_win.cc(668)] Failed to read DnsConfig.
[0211/200746.052:WARNING:dns_config_service_win.cc(668)] Failed to read DnsConfig.
[0211/200751.071:WARNING:dns_config_service_win.cc(668)] Failed to read DnsConfig.
[0211/200756.089:WARNING:dns_config_service_win.cc(668)] Failed to read DnsConfig.
[0211/200801.100:WARNING:dns_config_service_win.cc(668)] Failed to read DnsConfig.
[0211/200806.105:WARNING:dns_config_service_win.cc(668)] Failed to read DnsConfig.
[0211/200811.116:WARNING:dns_config_service_win.cc(668)] Failed to read DnsConfig.
[0211/200816.128:WARNING:dns_config_service_win.cc(668)] Failed to read DnsConfig.
[0211/200821.144:WARNING:dns_config_service_win.cc(668)] Failed to read DnsConfig.
[0211/200826.148:WARNING:dns_config_service_win.cc(668)] Failed to read DnsConfig.
[0211/200831.163:WARNING:dns_config_service_win.cc(668)] Failed to read DnsConfig.
[0211/200836.182:WARNING:dns_config_service_win.cc(668)] Failed to read DnsConfig.
[0211/200841.199:WARNING:dns_config_service_win.cc(668)] Failed to read DnsConfig.
[0211/200846.206:WARNING:dns_config_service_win.cc(668)] Failed to read DnsConfig.
[0211/200851.216:WARNING:dns_config_service_win.cc(668)] Failed to read DnsConfig.
[0211/200854.578:INFO:CONSOLE(1)] "Long rAF frame-time", source: file:///C:/Program%20Files/Adobe/Adobe%20Photoshop%202020/Required/www-rich-tooltips/build/external.js (1)
[0211/200854.806:ERROR:mf_helpers.cc(14)] Error in dxva_video_decode_accelerator_win.cc on line 1612
[0211/200854.806:ERROR:mf_helpers.cc(14)] Error in dxva_video_decode_accelerator_win.cc on line 842
[0211/200854.845:WARNING:angle_platform_impl.cc(52)] compileToBinary(230): 
C:\fakepath(69,8-58): warning X3571: pow(f, e) will not work for negative f, use abs(f) or conditionally handle negative values if you expect them
C:\fakepath(77,9-43): warning X3571: pow(f, e) will not work for negative f, use abs(f) or conditionally handle negative values if you expect them

[0211/200856.224:WARNING:dns_config_service_win.cc(668)] Failed to read DnsConfig.
[0211/200901.241:WARNING:dns_config_service_win.cc(668)] Failed to read DnsConfig.
[0211/200906.255:WARNING:dns_config_service_win.cc(668)] Failed to read DnsConfig.
[0211/200911.263:WARNING:dns_config_service_win.cc(668)] Failed to read DnsConfig.
[0211/200916.269:WARNING:dns_config_service_win.cc(668)] Failed to read DnsConfig.
[0211/200921.286:WARNING:dns_config_service_win.cc(668)] Failed to read DnsConfig.
[0211/200926.299:WARNING:dns_config_service_win.cc(668)] Failed to read DnsConfig.
[0211/200931.314:WARNING:dns_config_service_win.cc(668)] Failed to read DnsConfig.
[0211/200936.330:WARNING:dns_config_service_win.cc(668)] Failed to read DnsConfig.
[0211/200941.347:WARNING:dns_config_service_win.cc(668)] Failed to read DnsConfig.
[0211/200946.356:WARNING:dns_config_service_win.cc(668)] Failed to read DnsConfig.
[0211/200951.364:WARNING:dns_config_service_win.cc(668)] Failed to read DnsConfig.
[0211/200956.373:WARNING:dns_config_service_win.cc(668)] Failed to read DnsConfig.
[0211/201001.382:WARNING:dns_config_service_win.cc(668)] Failed to read DnsConfig.
[0211/201006.395:WARNING:dns_config_service_win.cc(668)] Failed to read DnsConfig.
[0211/201011.414:WARNING:dns_config_service_win.cc(668)] Failed to read DnsConfig.
[0211/201016.421:WARNING:dns_config_service_win.cc(668)] Failed to read DnsConfig.
[0211/201021.441:WARNING:dns_config_service_win.cc(668)] Failed to read DnsConfig.
[0211/201026.455:WARNING:dns_config_service_win.cc(668)] Failed to read DnsConfig.
[0211/201031.462:WARNING:dns_config_service_win.cc(668)] Failed to read DnsConfig.
[0211/201036.472:WARNING:dns_config_service_win.cc(668)] Failed to read DnsConfig.
[0211/201041.487:WARNING:dns_config_service_win.cc(668)] Failed to read DnsConfig.
[0211/201046.494:WARNING:dns_config_service_win.cc(668)] Failed to read DnsConfig.
[0211/201051.508:WARNING:dns_config_service_win.cc(668)] Failed to read DnsConfig.
[0211/201056.526:WARNING:dns_config_service_win.cc(668)] Failed to read DnsConfig.
[0211/201101.535:WARNING:dns_config_service_win.cc(668)] Failed to read DnsConfig.
[0211/201106.541:WARNING:dns_config_service_win.cc(668)] Failed to read DnsConfig.
[0211/201111.549:WARNING:dns_config_service_win.cc(668)] Failed to read DnsConfig.
[0211/201116.559:WARNING:dns_config_service_win.cc(668)] Failed to read DnsConfig.
[0211/201121.577:WARNING:dns_config_service_win.cc(668)] Failed to read DnsConfig.
[0211/201126.590:WARNING:dns_config_service_win.cc(668)] Failed to read DnsConfig.
[0211/201131.601:WARNING:dns_config_service_win.cc(668)] Failed to read DnsConfig.
[0211/201136.617:WARNING:dns_config_service_win.cc(668)] Failed to read DnsConfig.
[0211/201141.633:WARNING:dns_config_service_win.cc(668)] Failed to read DnsConfig.
[0211/201146.641:WARNING:dns_config_service_win.cc(668)] Failed to read DnsConfig.
[0211/201151.651:WARNING:dns_config_service_win.cc(668)] Failed to read DnsConfig.
[0211/201156.662:WARNING:dns_config_service_win.cc(668)] Failed to read DnsConfig.
[0211/201201.671:WARNING:dns_config_service_win.cc(668)] Failed to read DnsConfig.
[0211/201206.686:WARNING:dns_config_service_win.cc(668)] Failed to read DnsConfig.
[0211/201211.703:WARNING:dns_config_service_win.cc(668)] Failed to read DnsConfig.
[0211/201216.715:WARNING:dns_config_service_win.cc(668)] Failed to read DnsConfig.
[0211/201221.725:WARNING:dns_config_service_win.cc(668)] Failed to read DnsConfig.
[0211/201226.732:WARNING:dns_config_service_win.cc(668)] Failed to read DnsConfig.
[0211/201231.741:WARNING:dns_config_service_win.cc(668)] Failed to read DnsConfig.
[0211/201236.752:WARNING:dns_config_service_win.cc(668)] Failed to read DnsConfig.
[0211/201241.768:WARNING:dns_config_service_win.cc(668)] Failed to read DnsConfig.
[0211/201246.781:WARNING:dns_config_service_win.cc(668)] Failed to read DnsConfig.
[0211/201251.794:WARNING:dns_config_service_win.cc(668)] Failed to read DnsConfig.
[0211/201256.813:WARNING:dns_config_service_win.cc(668)] Failed to read DnsConfig.
[0211/201301.822:WARNING:dns_config_service_win.cc(668)] Failed to read DnsConfig.
[0211/201306.826:WARNING:dns_config_service_win.cc(668)] Failed to read DnsConfig.
[0211/201311.843:WARNING:dns_config_service_win.cc(668)] Failed to read DnsConfig.
[0211/201316.861:WARNING:dns_config_service_win.cc(668)] Failed to read DnsConfig.
[0211/201321.873:WARNING:dns_config_service_win.cc(668)] Failed to read DnsConfig.
[0211/201326.881:WARNING:dns_config_service_win.cc(668)] Failed to read DnsConfig.
[0211/201331.886:WARNING:dns_config_service_win.cc(668)] Failed to read DnsConfig.
[0211/201336.893:WARNING:dns_config_service_win.cc(668)] Failed to read DnsConfig.
[0211/201341.906:WARNING:dns_config_service_win.cc(668)] Failed to read DnsConfig.
[0211/201346.924:WARNING:dns_config_service_win.cc(668)] Failed to read DnsConfig.
[0211/201351.938:WARNING:dns_config_service_win.cc(668)] Failed to read DnsConfig.
[0211/201356.956:WARNING:dns_config_service_win.cc(668)] Failed to read DnsConfig.
[0211/201401.971:WARNING:dns_config_service_win.cc(668)] Failed to read DnsConfig.
[0211/201406.979:WARNING:dns_config_service_win.cc(668)] Failed to read DnsConfig.
[0211/201411.993:WARNING:dns_config_service_win.cc(668)] Failed to read DnsConfig.
[0211/201417.006:WARNING:dns_config_service_win.cc(668)] Failed to read DnsConfig.
[0211/201422.010:WARNING:dns_config_service_win.cc(668)] Failed to read DnsConfig.
[0211/201427.022:WARNING:dns_config_service_win.cc(668)] Failed to read DnsConfig.
[0211/201432.038:WARNING:dns_config_service_win.cc(668)] Failed to read DnsConfig.
[0211/201437.054:WARNING:dns_config_service_win.cc(668)] Failed to read DnsConfig.
[0211/201442.063:WARNING:dns_config_service_win.cc(668)] Failed to read DnsConfig.
[0211/201447.070:WARNING:dns_config_service_win.cc(668)] Failed to read DnsConfig.
[0211/201452.077:WARNING:dns_config_service_win.cc(668)] Failed to read DnsConfig.
[0211/201457.093:WARNING:dns_config_service_win.cc(668)] Failed to read DnsConfig.
[0211/201502.111:WARNING:dns_config_service_win.cc(668)] Failed to read DnsConfig.
[0211/201507.125:WARNING:dns_config_service_win.cc(668)] Failed to read DnsConfig.
[0211/201512.134:WARNING:dns_config_service_win.cc(668)] Failed to read DnsConfig.
[0211/201517.149:WARNING:dns_config_service_win.cc(668)] Failed to read DnsConfig.
[0211/201522.159:WARNING:dns_config_service_win.cc(668)] Failed to read DnsConfig.
[0211/201527.172:WARNING:dns_config_service_win.cc(668)] Failed to read DnsConfig.
[0211/201532.191:WARNING:dns_config_service_win.cc(668)] Failed to read DnsConfig.
[0211/201537.198:WARNING:dns_config_service_win.cc(668)] Failed to read DnsConfig.
[0211/201542.204:WARNING:dns_config_service_win.cc(668)] Failed to read DnsConfig.
[0211/201547.223:WARNING:dns_config_service_win.cc(668)] Failed to read DnsConfig.
[0211/201552.228:WARNING:dns_config_service_win.cc(668)] Failed to read DnsConfig.
[0211/201557.241:WARNING:dns_config_service_win.cc(668)] Failed to read DnsConfig.
[0211/201602.246:WARNING:dns_config_service_win.cc(668)] Failed to read DnsConfig.
[0211/201607.252:WARNING:dns_config_service_win.cc(668)] Failed to read DnsConfig.
[0211/201612.258:WARNING:dns_config_service_win.cc(668)] Failed to read DnsConfig.
[0211/201617.272:WARNING:dns_config_service_win.cc(668)] Failed to read DnsConfig.
[0211/201622.276:WARNING:dns_config_service_win.cc(668)] Failed to read DnsConfig.
[0211/201627.283:WARNING:dns_config_service_win.cc(668)] Failed to read DnsConfig.
[0211/201632.288:WARNING:dns_config_service_win.cc(668)] Failed to read DnsConfig.
[0211/201637.296:WARNING:dns_config_service_win.cc(668)] Failed to read DnsConfig.
[0211/201642.315:WARNING:dns_config_service_win.cc(668)] Failed to read DnsConfig.
[0211/201647.326:WARNING:dns_config_service_win.cc(668)] Failed to read DnsConfig.
[0211/201652.333:WARNING:dns_config_service_win.cc(668)] Failed to read DnsConfig.
[0211/201657.351:WARNING:dns_config_service_win.cc(668)] Failed to read DnsConfig.
[0211/201702.367:WARNING:dns_config_service_win.cc(668)] Failed to read DnsConfig.
[0211/201707.374:WARNING:dns_config_service_win.cc(668)] Failed to read DnsConfig.
[0211/201712.394:WARNING:dns_config_service_win.cc(668)] Failed to read DnsConfig.
[0211/201717.403:WARNING:dns_config_service_win.cc(668)] Failed to read DnsConfig.
[0211/201722.415:WARNING:dns_config_service_win.cc(668)] Failed to read DnsConfig.
[0211/201727.424:WARNING:dns_config_service_win.cc(668)] Failed to read DnsConfig.
[0211/201732.441:WARNING:dns_config_service_win.cc(668)] Failed to read DnsConfig.
[0211/201737.454:WARNING:dns_config_service_win.cc(668)] Failed to read DnsConfig.
[0211/201742.465:WARNING:dns_config_service_win.cc(668)] Failed to read DnsConfig.
[0211/201747.473:WARNING:dns_config_service_win.cc(668)] Failed to read DnsConfig.
[0211/201752.487:WARNING:dns_config_service_win.cc(668)] Failed to read DnsConfig.
[0211/230803.172:WARNING:dns_config_service_win.cc(668)] Failed to read DnsConfig.
[0211/230808.184:WARNING:dns_config_service_win.cc(668)] Failed to read DnsConfig.
[0211/230813.202:WARNING:dns_config_service_win.cc(668)] Failed to read DnsConfig.
[0211/230818.206:WARNING:dns_config_service_win.cc(668)] Failed to read DnsConfig.
[0211/230823.217:WARNING:dns_config_service_win.cc(668)] Failed to read DnsConfig.
[0211/230828.235:WARNING:dns_config_service_win.cc(668)] Failed to read DnsConfig.
[0211/230833.249:WARNING:dns_config_service_win.cc(668)] Failed to read DnsConfig.
[0211/230838.268:WARNING:dns_config_service_win.cc(668)] Failed to read DnsConfig.
[0211/230843.284:WARNING:dns_config_service_win.cc(668)] Failed to read DnsConfig.
[0211/230848.297:WARNING:dns_config_service_win.cc(668)] Failed to read DnsConfig.
[0211/230853.302:WARNING:dns_config_service_win.cc(668)] Failed to read DnsConfig.
[0211/230858.313:WARNING:dns_config_service_win.cc(668)] Failed to read DnsConfig.
[0211/230903.324:WARNING:dns_config_service_win.cc(668)] Failed to read DnsConfig.
[0211/230908.330:WARNING:dns_config_service_win.cc(668)] Failed to read DnsConfig.
[0211/231056.537:WARNING:dns_config_service_win.cc(668)] Failed to read DnsConfig.
[0211/231101.545:WARNING:dns_config_service_win.cc(668)] Failed to read DnsConfig.
[0211/231106.552:WARNING:dns_config_service_win.cc(668)] Failed to read DnsConfig.
[0211/231111.572:WARNING:dns_config_service_win.cc(668)] Failed to read DnsConfig.
[0211/231116.577:WARNING:dns_config_service_win.cc(668)] Failed to read DnsConfig.
[0211/231121.586:WARNING:dns_config_service_win.cc(668)] Failed to read DnsConfig.
[0211/231126.602:WARNING:dns_config_service_win.cc(668)] Failed to read DnsConfig.
[0211/231131.611:WARNING:dns_config_service_win.cc(668)] Failed to read DnsConfig.
[0211/231136.622:WARNING:dns_config_service_win.cc(668)] Failed to read DnsConfig.
[0211/231141.628:WARNING:dns_config_service_win.cc(668)] Failed to read DnsConfig.
[0211/231146.644:WARNING:dns_config_service_win.cc(668)] Failed to read DnsConfig.
[0211/231151.651:WARNING:dns_config_service_win.cc(668)] Failed to read DnsConfig.
[0211/231156.658:WARNING:dns_config_service_win.cc(668)] Failed to read DnsConfig.
[0426/111316.062:WARNING:dns_config_service_win.cc(668)] Failed to read DnsConfig.
[0426/111321.098:WARNING:dns_config_service_win.cc(668)] Failed to read DnsConfig.
[0426/111326.139:WARNING:dns_config_service_win.cc(668)] Failed to read DnsConfig.
[0426/111331.159:WARNING:dns_config_service_win.cc(668)] Failed to read DnsConfig.
[0426/111336.180:WARNING:dns_config_service_win.cc(668)] Failed to read DnsConfig.
[0426/111341.190:WARNING:dns_config_service_win.cc(668)] Failed to read DnsConfig.
[0426/111346.228:WARNING:dns_config_service_win.cc(668)] Failed to read DnsConfig.
[0426/111351.252:WARNING:dns_config_service_win.cc(668)] Failed to read DnsConfig.
[0426/111356.279:WARNING:dns_config_service_win.cc(668)] Failed to read DnsConfig.
[0426/111401.306:WARNING:dns_config_service_win.cc(668)] Failed to read DnsConfig.
[0426/111406.338:WARNING:dns_config_service_win.cc(668)] Failed to read DnsConfig.
[0426/111411.365:WARNING:dns_config_service_win.cc(668)] Failed to read DnsConfig.
[0426/111416.391:WARNING:dns_config_service_win.cc(668)] Failed to read DnsConfig.
[0426/111421.399:WARNING:dns_config_service_win.cc(668)] Failed to read DnsConfig.
[0426/111426.431:WARNING:dns_config_service_win.cc(668)] Failed to read DnsConfig.
[0426/111431.462:WARNING:dns_config_service_win.cc(668)] Failed to read DnsConfig.
[0426/111436.489:WARNING:dns_config_service_win.cc(668)] Failed to read DnsConfig.
[0426/111441.497:WARNING:dns_config_service_win.cc(668)] Failed to read DnsConfig.
[0426/111446.527:WARNING:dns_config_service_win.cc(668)] Failed to read DnsConfig.
[0426/111451.534:WARNING:dns_config_service_win.cc(668)] Failed to read DnsConfig.
[0426/111456.556:WARNING:dns_config_service_win.cc(668)] Failed to read DnsConfig.
[0426/111501.581:WARNING:dns_config_service_win.cc(668)] Failed to read DnsConfig.
[0426/111506.601:WARNING:dns_config_service_win.cc(668)] Failed to read DnsConfig.
[0426/111511.621:WARNING:dns_config_service_win.cc(668)] Failed to read DnsConfig.
[0426/111516.648:WARNING:dns_config_service_win.cc(668)] Failed to read DnsConfig.
[0426/111521.668:WARNING:dns_config_service_win.cc(668)] Failed to read DnsConfig.
[0426/111526.674:WARNING:dns_config_service_win.cc(668)] Failed to read DnsConfig.
[0426/111531.700:WARNING:dns_config_service_win.cc(668)] Failed to read DnsConfig.
[0426/111536.724:WARNING:dns_config_service_win.cc(668)] Failed to read DnsConfig.
[0426/111541.743:WARNING:dns_config_service_win.cc(668)] Failed to read DnsConfig.
[0426/111546.748:WARNING:dns_config_service_win.cc(668)] Failed to read DnsConfig.
[0426/111551.771:WARNING:dns_config_service_win.cc(668)] Failed to read DnsConfig.
[0426/111556.789:WARNING:dns_config_service_win.cc(668)] Failed to read DnsConfig.
[0426/111601.820:WARNING:dns_config_service_win.cc(668)] Failed to read DnsConfig.
[0426/111606.836:WARNING:dns_config_service_win.cc(668)] Failed to read DnsConfig.
[0426/111611.850:WARNING:dns_config_service_win.cc(668)] Failed to read DnsConfig.
[0426/111616.875:WARNING:dns_config_service_win.cc(668)] Failed to read DnsConfig.
[0426/111621.899:WARNING:dns_config_service_win.cc(668)] Failed to read DnsConfig.
[0426/111626.929:WARNING:dns_config_service_win.cc(668)] Failed to read DnsConfig.
[0426/111631.949:WARNING:dns_config_service_win.cc(668)] Failed to read DnsConfig.
[0426/111636.987:WARNING:dns_config_service_win.cc(668)] Failed to read DnsConfig.
[0426/111642.008:WARNING:dns_config_service_win.cc(668)] Failed to read DnsConfig.
[0426/111647.035:WARNING:dns_config_service_win.cc(668)] Failed to read DnsConfig.
[0426/111652.056:WARNING:dns_config_service_win.cc(668)] Failed to read DnsConfig.
[0426/111657.085:WARNING:dns_config_service_win.cc(668)] Failed to read DnsConfig.
[0426/111702.109:WARNING:dns_config_service_win.cc(668)] Failed to read DnsConfig.
[0426/111707.135:WARNING:dns_config_service_win.cc(668)] Failed to read DnsConfig.
[0426/111712.148:WARNING:dns_config_service_win.cc(668)] Failed to read DnsConfig.
[0426/111717.182:WARNING:dns_config_service_win.cc(668)] Failed to read DnsConfig.
[0426/111722.210:WARNING:dns_config_service_win.cc(668)] Failed to read DnsConfig.
[0426/111727.243:WARNING:dns_config_service_win.cc(668)] Failed to read DnsConfig.
[0426/111732.265:WARNING:dns_config_service_win.cc(668)] Failed to read DnsConfig.
[0426/111737.270:WARNING:dns_config_service_win.cc(668)] Failed to read DnsConfig.
[0426/111742.287:WARNING:dns_config_service_win.cc(668)] Failed to read DnsConfig.
[0426/111747.321:WARNING:dns_config_service_win.cc(668)] Failed to read DnsConfig.
[0426/111752.347:WARNING:dns_config_service_win.cc(668)] Failed to read DnsConfig.
[0426/111757.365:WARNING:dns_config_service_win.cc(668)] Failed to read DnsConfig.
[0426/111802.398:WARNING:dns_config_service_win.cc(668)] Failed to read DnsConfig.
[0426/111807.430:WARNING:dns_config_service_win.cc(668)] Failed to read DnsConfig.
[0426/111812.444:WARNING:dns_config_service_win.cc(668)] Failed to read DnsConfig.
[0426/111817.472:WARNING:dns_config_service_win.cc(668)] Failed to read DnsConfig.
[0426/111822.487:WARNING:dns_config_service_win.cc(668)] Failed to read DnsConfig.
[0426/111827.504:WARNING:dns_config_service_win.cc(668)] Failed to read DnsConfig.
[0426/111832.516:WARNING:dns_config_service_win.cc(668)] Failed to read DnsConfig.
[0426/111837.551:WARNING:dns_config_service_win.cc(668)] Failed to read DnsConfig.
[0426/111842.571:WARNING:dns_config_service_win.cc(668)] Failed to read DnsConfig.
[0426/111847.594:WARNING:dns_config_service_win.cc(668)] Failed to read DnsConfig.
[0426/111852.614:WARNING:dns_config_service_win.cc(668)] Failed to read DnsConfig.
[0426/111857.637:WARNING:dns_config_service_win.cc(668)] Failed to read DnsConfig.
[0426/111902.671:WARNING:dns_config_service_win.cc(668)] Failed to read DnsConfig.
[0426/111907.705:WARNING:dns_config_service_win.cc(668)] Failed to read DnsConfig.
[0426/111912.733:WARNING:dns_config_service_win.cc(668)] Failed to read DnsConfig.
[0426/111917.755:WARNING:dns_config_service_win.cc(668)] Failed to read DnsConfig.
[0426/111922.784:WARNING:dns_config_service_win.cc(668)] Failed to read DnsConfig.
[0426/111927.805:WARNING:dns_config_service_win.cc(668)] Failed to read DnsConfig.
[0426/111932.823:WARNING:dns_config_service_win.cc(668)] Failed to read DnsConfig.
[0426/111937.849:WARNING:dns_config_service_win.cc(668)] Failed to read DnsConfig.
[0426/111942.864:WARNING:dns_config_service_win.cc(668)] Failed to read DnsConfig.
[0426/111947.881:WARNING:dns_config_service_win.cc(668)] Failed to read DnsConfig.
[0426/111952.912:WARNING:dns_config_service_win.cc(668)] Failed to read DnsConfig.
[0426/111957.937:WARNING:dns_config_service_win.cc(668)] Failed to read DnsConfig.
[0426/112002.959:WARNING:dns_config_service_win.cc(668)] Failed to read DnsConfig.
[0426/112007.983:WARNING:dns_config_service_win.cc(668)] Failed to read DnsConfig.
[0426/112013.006:WARNING:dns_config_service_win.cc(668)] Failed to read DnsConfig.
[0426/112018.031:WARNING:dns_config_service_win.cc(668)] Failed to read DnsConfig.
[0426/112023.050:WARNING:dns_config_service_win.cc(668)] Failed to read DnsConfig.
[0426/112028.069:WARNING:dns_config_service_win.cc(668)] Failed to read DnsConfig.
[0426/112033.105:WARNING:dns_config_service_win.cc(668)] Failed to read DnsConfig.
[0426/112038.122:WARNING:dns_config_service_win.cc(668)] Failed to read DnsConfig.
[0426/112043.143:WARNING:dns_config_service_win.cc(668)] Failed to read DnsConfig.
[0426/112048.173:WARNING:dns_config_service_win.cc(668)] Failed to read DnsConfig.
[0426/112053.189:WARNING:dns_config_service_win.cc(668)] Failed to read DnsConfig.
[0426/112058.205:WARNING:dns_config_service_win.cc(668)] Failed to read DnsConfig.
[0426/112103.245:WARNING:dns_config_service_win.cc(668)] Failed to read DnsConfig.
[0426/112108.255:WARNING:dns_config_service_win.cc(668)] Failed to read DnsConfig.
[0426/112113.276:WARNING:dns_config_service_win.cc(668)] Failed to read DnsConfig.
[0426/112118.290:WARNING:dns_config_service_win.cc(668)] Failed to read DnsConfig.
[0426/112123.314:WARNING:dns_config_service_win.cc(668)] Failed to read DnsConfig.
[0426/112128.324:WARNING:dns_config_service_win.cc(668)] Failed to read DnsConfig.
[0426/112133.346:WARNING:dns_config_service_win.cc(668)] Failed to read DnsConfig.
[0426/112138.370:WARNING:dns_config_service_win.cc(668)] Failed to read DnsConfig.
[0426/112143.389:WARNING:dns_config_service_win.cc(668)] Failed to read DnsConfig.
[0426/112148.414:WARNING:dns_config_service_win.cc(668)] Failed to read DnsConfig.
[0426/112153.424:WARNING:dns_config_service_win.cc(668)] Failed to read DnsConfig.
[0426/112158.455:WARNING:dns_config_service_win.cc(668)] Failed to read DnsConfig.
[0426/112203.483:WARNING:dns_config_service_win.cc(668)] Failed to read DnsConfig.
[0426/112208.491:WARNING:dns_config_service_win.cc(668)] Failed to read DnsConfig.
[0426/112213.527:WARNING:dns_config_service_win.cc(668)] Failed to read DnsConfig.
[0426/112218.543:WARNING:dns_config_service_win.cc(668)] Failed to read DnsConfig.
[0426/112223.574:WARNING:dns_config_service_win.cc(668)] Failed to read DnsConfig.
[0426/112228.587:WARNING:dns_config_service_win.cc(668)] Failed to read DnsConfig.
[0426/112233.593:WARNING:dns_config_service_win.cc(668)] Failed to read DnsConfig.
[0426/112238.623:WARNING:dns_config_service_win.cc(668)] Failed to read DnsConfig.
[0426/112243.650:WARNING:dns_config_service_win.cc(668)] Failed to read DnsConfig.
[0426/112248.679:WARNING:dns_config_service_win.cc(668)] Failed to read DnsConfig.
[0426/112253.695:WARNING:dns_config_service_win.cc(668)] Failed to read DnsConfig.
[0426/112258.711:WARNING:dns_config_service_win.cc(668)] Failed to read DnsConfig.
[0426/112303.741:WARNING:dns_config_service_win.cc(668)] Failed to read DnsConfig.
[0426/112308.757:WARNING:dns_config_service_win.cc(668)] Failed to read DnsConfig.
[0426/112313.762:WARNING:dns_config_service_win.cc(668)] Failed to read DnsConfig.
[0426/112318.801:WARNING:dns_config_service_win.cc(668)] Failed to read DnsConfig.
[0426/112323.823:WARNING:dns_config_service_win.cc(668)] Failed to read DnsConfig.
[0426/112328.852:WARNING:dns_config_service_win.cc(668)] Failed to read DnsConfig.
[0426/112333.880:WARNING:dns_config_service_win.cc(668)] Failed to read DnsConfig.
[0426/112338.902:WARNING:dns_config_service_win.cc(668)] Failed to read DnsConfig.
[0426/112343.919:WARNING:dns_config_service_win.cc(668)] Failed to read DnsConfig.
[0426/112348.943:WARNING:dns_config_service_win.cc(668)] Failed to read DnsConfig.
[0426/112353.977:WARNING:dns_config_service_win.cc(668)] Failed to read DnsConfig.
[0426/112358.986:WARNING:dns_config_service_win.cc(668)] Failed to read DnsConfig.
[0426/112404.003:WARNING:dns_config_service_win.cc(668)] Failed to read DnsConfig.
[0426/112409.018:WARNING:dns_config_service_win.cc(668)] Failed to read DnsConfig.
[0426/112414.060:WARNING:dns_config_service_win.cc(668)] Failed to read DnsConfig.
[0426/112419.083:WARNING:dns_config_service_win.cc(668)] Failed to read DnsConfig.
[0426/112424.089:WARNING:dns_config_service_win.cc(668)] Failed to read DnsConfig.
[0426/112429.118:WARNING:dns_config_service_win.cc(668)] Failed to read DnsConfig.
[0426/112434.138:WARNING:dns_config_service_win.cc(668)] Failed to read DnsConfig.
[0426/112439.151:WARNING:dns_config_service_win.cc(668)] Failed to read DnsConfig.
[0426/112444.171:WARNING:dns_config_service_win.cc(668)] Failed to read DnsConfig.
[0426/112449.194:WARNING:dns_config_service_win.cc(668)] Failed to read DnsConfig.
[0426/112454.216:WARNING:dns_config_service_win.cc(668)] Failed to read DnsConfig.
[0426/112459.246:WARNING:dns_config_service_win.cc(668)] Failed to read DnsConfig.
[0426/112504.264:WARNING:dns_config_service_win.cc(668)] Failed to read DnsConfig.
[0426/112509.297:WARNING:dns_config_service_win.cc(668)] Failed to read DnsConfig.
[0426/112514.306:WARNING:dns_config_service_win.cc(668)] Failed to read DnsConfig.
[0426/112519.321:WARNING:dns_config_service_win.cc(668)] Failed to read DnsConfig.
[0426/112524.328:WARNING:dns_config_service_win.cc(668)] Failed to read DnsConfig.
[0426/112529.352:WARNING:dns_config_service_win.cc(668)] Failed to read DnsConfig.
[0426/112534.360:WARNING:dns_config_service_win.cc(668)] Failed to read DnsConfig.
[0426/112539.393:WARNING:dns_config_service_win.cc(668)] Failed to read DnsConfig.
[0426/112544.414:WARNING:dns_config_service_win.cc(668)] Failed to read DnsConfig.
[0426/112549.431:WARNING:dns_config_service_win.cc(668)] Failed to read DnsConfig.
[0426/112554.448:WARNING:dns_config_service_win.cc(668)] Failed to read DnsConfig.
[0426/112559.470:WARNING:dns_config_service_win.cc(668)] Failed to read DnsConfig.
[0426/112604.490:WARNING:dns_config_service_win.cc(668)] Failed to read DnsConfig.
[0426/112609.517:WARNING:dns_config_service_win.cc(668)] Failed to read DnsConfig.
[0426/112614.523:WARNING:dns_config_service_win.cc(668)] Failed to read DnsConfig.
[0426/112619.546:WARNING:dns_config_service_win.cc(668)] Failed to read DnsConfig.
[0426/112624.558:WARNING:dns_config_service_win.cc(668)] Failed to read DnsConfig.
[0426/112629.571:WARNING:dns_config_service_win.cc(668)] Failed to read DnsConfig.
[0426/112634.590:WARNING:dns_config_service_win.cc(668)] Failed to read DnsConfig.
[0426/112639.598:WARNING:dns_config_service_win.cc(668)] Failed to read DnsConfig.
[0426/112644.618:WARNING:dns_config_service_win.cc(668)] Failed to read DnsConfig.
[0426/112649.634:WARNING:dns_config_service_win.cc(668)] Failed to read DnsConfig.
[0426/112654.664:WARNING:dns_config_service_win.cc(668)] Failed to read DnsConfig.
[0426/112659.684:WARNING:dns_config_service_win.cc(668)] Failed to read DnsConfig.
[0426/112704.700:WARNING:dns_config_service_win.cc(668)] Failed to read DnsConfig.
[0426/112709.715:WARNING:dns_config_service_win.cc(668)] Failed to read DnsConfig.
[0426/112714.731:WARNING:dns_config_service_win.cc(668)] Failed to read DnsConfig.
[0426/112719.757:WARNING:dns_config_service_win.cc(668)] Failed to read DnsConfig.
[0426/112724.786:WARNING:dns_config_service_win.cc(668)] Failed to read DnsConfig.
[0426/112729.819:WARNING:dns_config_service_win.cc(668)] Failed to read DnsConfig.
[0426/112734.835:WARNING:dns_config_service_win.cc(668)] Failed to read DnsConfig.
[0426/112739.865:WARNING:dns_config_service_win.cc(668)] Failed to read DnsConfig.
[0426/112744.871:WARNING:dns_config_service_win.cc(668)] Failed to read DnsConfig.
[0426/112749.893:WARNING:dns_config_service_win.cc(668)] Failed to read DnsConfig.
[0426/112754.919:WARNING:dns_config_service_win.cc(668)] Failed to read DnsConfig.
[0426/112759.947:WARNING:dns_config_service_win.cc(668)] Failed to read DnsConfig.
[0426/112804.969:WARNING:dns_config_service_win.cc(668)] Failed to read DnsConfig.
[0426/112809.985:WARNING:dns_config_service_win.cc(668)] Failed to read DnsConfig.
[0426/112814.997:WARNING:dns_config_service_win.cc(668)] Failed to read DnsConfig.
[0426/112820.031:WARNING:dns_config_service_win.cc(668)] Failed to read DnsConfig.
[0426/112825.050:WARNING:dns_config_service_win.cc(668)] Failed to read DnsConfig.
[0426/112830.061:WARNING:dns_config_service_win.cc(668)] Failed to read DnsConfig.
[0426/112835.091:WARNING:dns_config_service_win.cc(668)] Failed to read DnsConfig.
[0426/112840.114:WARNING:dns_config_service_win.cc(668)] Failed to read DnsConfig.
[0426/112845.129:WARNING:dns_config_service_win.cc(668)] Failed to read DnsConfig.
[0426/112850.156:WARNING:dns_config_service_win.cc(668)] Failed to read DnsConfig.
[0426/112855.169:WARNING:dns_config_service_win.cc(668)] Failed to read DnsConfig.
[0426/112900.187:WARNING:dns_config_service_win.cc(668)] Failed to read DnsConfig.
[0426/112905.212:WARNING:dns_config_service_win.cc(668)] Failed to read DnsConfig.
[0426/112910.229:WARNING:dns_config_service_win.cc(668)] Failed to read DnsConfig.
[0426/112915.257:WARNING:dns_config_service_win.cc(668)] Failed to read DnsConfig.
[0426/112920.287:WARNING:dns_config_service_win.cc(668)] Failed to read DnsConfig.
[0426/112925.307:WARNING:dns_config_service_win.cc(668)] Failed to read DnsConfig.
[0426/112930.333:WARNING:dns_config_service_win.cc(668)] Failed to read DnsConfig.
[0426/112935.362:WARNING:dns_config_service_win.cc(668)] Failed to read DnsConfig.
[0426/112940.378:WARNING:dns_config_service_win.cc(668)] Failed to read DnsConfig.
[0426/112945.402:WARNING:dns_config_service_win.cc(668)] Failed to read DnsConfig.
[0426/112950.429:WARNING:dns_config_service_win.cc(668)] Failed to read DnsConfig.
[0426/112955.449:WARNING:dns_config_service_win.cc(668)] Failed to read DnsConfig.
[0426/113000.474:WARNING:dns_config_service_win.cc(668)] Failed to read DnsConfig.
[0426/113005.495:WARNING:dns_config_service_win.cc(668)] Failed to read DnsConfig.
[0426/113010.529:WARNING:dns_config_service_win.cc(668)] Failed to read DnsConfig.
[0426/113015.544:WARNING:dns_config_service_win.cc(668)] Failed to read DnsConfig.
[0426/113020.572:WARNING:dns_config_service_win.cc(668)] Failed to read DnsConfig.
[0426/113025.592:WARNING:dns_config_service_win.cc(668)] Failed to read DnsConfig.
[0426/113030.614:WARNING:dns_config_service_win.cc(668)] Failed to read DnsConfig.
[0426/113035.626:WARNING:dns_config_service_win.cc(668)] Failed to read DnsConfig.
[0426/113040.664:WARNING:dns_config_service_win.cc(668)] Failed to read DnsConfig.
[0426/113045.697:WARNING:dns_config_service_win.cc(668)] Failed to read DnsConfig.
[0426/113050.716:WARNING:dns_config_service_win.cc(668)] Failed to read DnsConfig.
[0426/113055.735:WARNING:dns_config_service_win.cc(668)] Failed to read DnsConfig.
[0426/113100.756:WARNING:dns_config_service_win.cc(668)] Failed to read DnsConfig.
[0426/113105.808:WARNING:dns_config_service_win.cc(668)] Failed to read DnsConfig.
[0426/113110.832:WARNING:dns_config_service_win.cc(668)] Failed to read DnsConfig.
[0426/113115.844:WARNING:dns_config_service_win.cc(668)] Failed to read DnsConfig.
[0426/113120.871:WARNING:dns_config_service_win.cc(668)] Failed to read DnsConfig.
[0426/113125.889:WARNING:dns_config_service_win.cc(668)] Failed to read DnsConfig.
[0426/113130.893:WARNING:dns_config_service_win.cc(668)] Failed to read DnsConfig.
[0426/113135.928:WARNING:dns_config_service_win.cc(668)] Failed to read DnsConfig.
[0426/113140.948:WARNING:dns_config_service_win.cc(668)] Failed to read DnsConfig.
[0426/113145.981:WARNING:dns_config_service_win.cc(668)] Failed to read DnsConfig.
[0426/113150.985:WARNING:dns_config_service_win.cc(668)] Failed to read DnsConfig.
[0426/113156.030:WARNING:dns_config_service_win.cc(668)] Failed to read DnsConfig.
[0426/113201.067:WARNING:dns_config_service_win.cc(668)] Failed to read DnsConfig.
[0426/113206.084:WARNING:dns_config_service_win.cc(668)] Failed to read DnsConfig.
[0426/113211.101:WARNING:dns_config_service_win.cc(668)] Failed to read DnsConfig.
[0426/113216.119:WARNING:dns_config_service_win.cc(668)] Failed to read DnsConfig.
[0426/113221.146:WARNING:dns_config_service_win.cc(668)] Failed to read DnsConfig.
[0426/113226.156:WARNING:dns_config_service_win.cc(668)] Failed to read DnsConfig.
[0426/113231.197:WARNING:dns_config_service_win.cc(668)] Failed to read DnsConfig.
[0426/113236.214:WARNING:dns_config_service_win.cc(668)] Failed to read DnsConfig.
[0426/113241.240:WARNING:dns_config_service_win.cc(668)] Failed to read DnsConfig.
[0426/113246.262:WARNING:dns_config_service_win.cc(668)] Failed to read DnsConfig.
[0426/113251.282:WARNING:dns_config_service_win.cc(668)] Failed to read DnsConfig.
[0426/113256.314:WARNING:dns_config_service_win.cc(668)] Failed to read DnsConfig.
